-------------------------------------------------------------------------------
Test set: Account types
-------------------------------------------------------------------------------
Tests run: 3, Failures: 1, Errors: 0, Skipped: 0, Time elapsed: 51.857 s <<< FAILURE! - in Account types
Sales manager user(Account types)  Time elapsed: 22.831 s  <<< FAILURE!
java.lang.AssertionError

